2025-12-03 20:05:52 INFO  TC_003_LoginDDT:23 - ******STarting TC_003_LoginDDT*****
2025-12-03 20:05:56 INFO  TC_003_LoginDDT:38 - Login success
2025-12-03 20:05:56 INFO  TC_003_LoginDDT:61 - **** Finished TC_003_LoginDDT *****
2025-12-03 20:05:56 INFO  TC_003_LoginDDT:23 - ******STarting TC_003_LoginDDT*****
2025-12-03 20:06:10 INFO  TC_003_LoginDDT:61 - **** Finished TC_003_LoginDDT *****
2025-12-03 20:06:10 INFO  TC_003_LoginDDT:23 - ******STarting TC_003_LoginDDT*****
2025-12-03 20:06:23 INFO  TC_003_LoginDDT:61 - **** Finished TC_003_LoginDDT *****
2025-12-03 20:06:24 INFO  TC_003_LoginDDT:23 - ******STarting TC_003_LoginDDT*****
2025-12-03 20:06:37 INFO  TC_003_LoginDDT:61 - **** Finished TC_003_LoginDDT *****
2025-12-03 20:06:37 INFO  TC_003_LoginDDT:23 - ******STarting TC_003_LoginDDT*****
2025-12-03 20:06:41 INFO  TC_003_LoginDDT:38 - Login success
2025-12-03 20:06:41 INFO  TC_003_LoginDDT:61 - **** Finished TC_003_LoginDDT *****
2025-12-03 20:07:30 INFO  Tc002_LoginTestCase:16 - ***starting Tc002_LoginTestCase **** 
2025-12-03 20:07:30 INFO  Tc002_LoginTestCase:21 - logging to application
2025-12-03 20:07:34 INFO  Tc002_LoginTestCase:33 - logged in sucussfullly
2025-12-03 20:07:34 INFO  Tc002_LoginTestCase:41 - *****Finished Tc002_LoginTestCase******* 
2025-12-03 20:07:54 INFO  TC_003_LoginDDT:23 - ******STarting TC_003_LoginDDT*****
2025-12-03 20:08:04 INFO  TC_003_LoginDDT:23 - ******STarting TC_003_LoginDDT*****
2025-12-03 20:08:18 INFO  TC_003_LoginDDT:61 - **** Finished TC_003_LoginDDT *****
2025-12-03 20:08:18 INFO  TC_003_LoginDDT:23 - ******STarting TC_003_LoginDDT*****
2025-12-03 20:08:32 INFO  TC_003_LoginDDT:61 - **** Finished TC_003_LoginDDT *****
2025-12-03 20:08:32 INFO  TC_003_LoginDDT:23 - ******STarting TC_003_LoginDDT*****
2025-12-03 20:08:45 INFO  TC_003_LoginDDT:61 - **** Finished TC_003_LoginDDT *****
2025-12-03 20:08:45 INFO  TC_003_LoginDDT:23 - ******STarting TC_003_LoginDDT*****
2025-12-03 20:08:49 INFO  TC_003_LoginDDT:38 - Login success
2025-12-03 20:08:49 INFO  TC_003_LoginDDT:61 - **** Finished TC_003_LoginDDT *****
2025-12-03 20:10:41 INFO  Tc002_LoginTestCase:16 - ***starting Tc002_LoginTestCase **** 
2025-12-03 20:10:41 INFO  Tc002_LoginTestCase:21 - logging to application
2025-12-03 20:10:44 INFO  Tc002_LoginTestCase:33 - logged in sucussfullly
2025-12-03 20:10:44 INFO  Tc002_LoginTestCase:41 - *****Finished Tc002_LoginTestCase******* 
2025-12-03 20:13:13 INFO  TC01_EndtoEndTest:18 - Starting Testcase TC01_end to end test
2025-12-03 20:13:13 INFO  TC01_EndtoEndTest:21 - Logging to application
2025-12-03 20:13:17 INFO  TC01_EndtoEndTest:29 - Adding product to cart
2025-12-03 20:13:22 INFO  TC01_EndtoEndTest:33 - Clicking on cart button
2025-12-03 20:13:23 INFO  TC01_EndtoEndTest:37 - entering to payment page
2025-12-03 20:13:29 INFO  TC01_EndtoEndTest:41 - validating order
2025-12-03 20:13:30 INFO  TC01_EndtoEndTest:52 - ***** Finished TC001 *****
2025-12-03 20:13:47 INFO  TC_003_LoginDDT:23 - ******STarting TC_003_LoginDDT*****
2025-12-03 20:13:52 INFO  TC_003_LoginDDT:38 - Login success
2025-12-03 20:13:52 INFO  TC_003_LoginDDT:61 - **** Finished TC_003_LoginDDT *****
2025-12-03 20:13:52 INFO  TC_003_LoginDDT:23 - ******STarting TC_003_LoginDDT*****
2025-12-03 20:14:06 INFO  TC_003_LoginDDT:61 - **** Finished TC_003_LoginDDT *****
2025-12-03 20:14:06 INFO  TC_003_LoginDDT:23 - ******STarting TC_003_LoginDDT*****
2025-12-03 20:14:19 INFO  TC_003_LoginDDT:61 - **** Finished TC_003_LoginDDT *****
2025-12-03 20:14:19 INFO  TC_003_LoginDDT:23 - ******STarting TC_003_LoginDDT*****
2025-12-03 20:14:33 INFO  TC_003_LoginDDT:61 - **** Finished TC_003_LoginDDT *****
2025-12-03 20:14:33 INFO  TC_003_LoginDDT:23 - ******STarting TC_003_LoginDDT*****
2025-12-03 20:14:37 INFO  TC_003_LoginDDT:38 - Login success
2025-12-03 20:14:37 INFO  TC_003_LoginDDT:61 - **** Finished TC_003_LoginDDT *****
2025-12-03 20:20:40 INFO  TC01_EndtoEndTest:18 - Starting Testcase TC01_end to end test
2025-12-03 20:20:40 INFO  TC01_EndtoEndTest:21 - Logging to application
2025-12-03 20:20:50 ERROR TC01_EndtoEndTest:47 - Test failed: timeout: Timed out receiving message from renderer: 10.000
  (Session info: chrome=142.0.7444.176)
Build info: version: '4.35.0', revision: '1c58e5028b'
System info: os.name: 'Windows 10', os.arch: 'amd64', os.version: '10.0', java.version: '21.0.6'
Driver info: org.openqa.selenium.chrome.ChromeDriver
Command: [58f5c94d03e0f8657212ced7ad80ac50, findElement {using=id, value=userEmail}]
Capabilities {acceptInsecureCerts: false, browserName: chrome, browserVersion: 142.0.7444.176, chrome: {chromedriverVersion: 142.0.7444.175 (302067f14a4..., userDataDir: C:\Users\ADMIN\AppData\Loca...}, fedcm:accounts: true, goog:chromeOptions: {debuggerAddress: localhost:58078}, goog:processID: 1000, networkConnectionEnabled: false, pageLoadStrategy: normal, platformName: windows, proxy: Proxy(), se:cdp: ws://localhost:58078/devtoo..., se:cdpVersion: 142.0.7444.176, setWindowRect: true, strictFileInteractability: false, timeouts: {implicit: 0, pageLoad: 300000, script: 30000}, unhandledPromptBehavior: dismiss and notify, webauthn:extension:credBlob: true, webauthn:extension:largeBlob: true, webauthn:extension:minPinLength: true, webauthn:extension:prf: true, webauthn:virtualAuthenticators: true}
Session ID: 58f5c94d03e0f8657212ced7ad80ac50
2025-12-03 20:20:50 INFO  TC01_EndtoEndTest:52 - ***** Finished TC001 *****
2025-12-03 20:21:08 INFO  TC_003_LoginDDT:23 - ******STarting TC_003_LoginDDT*****
2025-12-03 20:21:13 INFO  TC_003_LoginDDT:38 - Login success
2025-12-03 20:21:13 INFO  TC_003_LoginDDT:61 - **** Finished TC_003_LoginDDT *****
2025-12-03 20:21:13 INFO  TC_003_LoginDDT:23 - ******STarting TC_003_LoginDDT*****
2025-12-03 20:21:27 INFO  TC_003_LoginDDT:61 - **** Finished TC_003_LoginDDT *****
2025-12-03 20:21:27 INFO  TC_003_LoginDDT:23 - ******STarting TC_003_LoginDDT*****
2025-12-03 20:21:40 INFO  TC_003_LoginDDT:61 - **** Finished TC_003_LoginDDT *****
2025-12-03 20:21:40 INFO  TC_003_LoginDDT:23 - ******STarting TC_003_LoginDDT*****
2025-12-03 20:21:54 INFO  TC_003_LoginDDT:61 - **** Finished TC_003_LoginDDT *****
2025-12-03 20:21:54 INFO  TC_003_LoginDDT:23 - ******STarting TC_003_LoginDDT*****
2025-12-03 20:21:58 INFO  TC_003_LoginDDT:38 - Login success
2025-12-03 20:21:58 INFO  TC_003_LoginDDT:61 - **** Finished TC_003_LoginDDT *****
2025-12-03 20:28:46 INFO  Tc002_LoginTestCase:16 - ***starting Tc002_LoginTestCase **** 
2025-12-03 20:28:46 INFO  Tc002_LoginTestCase:21 - logging to application
2025-12-03 20:28:50 INFO  Tc002_LoginTestCase:33 - logged in sucussfullly
2025-12-03 20:28:50 INFO  Tc002_LoginTestCase:41 - *****Finished Tc002_LoginTestCase******* 
2025-12-03 20:28:59 INFO  TC01_EndtoEndTest:18 - Starting Testcase TC01_end to end test
2025-12-03 20:28:59 INFO  TC01_EndtoEndTest:21 - Logging to application
2025-12-03 20:29:03 INFO  TC01_EndtoEndTest:29 - Adding product to cart
2025-12-03 20:29:08 INFO  TC01_EndtoEndTest:33 - Clicking on cart button
2025-12-03 20:29:09 INFO  TC01_EndtoEndTest:37 - entering to payment page
2025-12-03 20:29:15 INFO  TC01_EndtoEndTest:41 - validating order
2025-12-03 20:29:16 INFO  TC01_EndtoEndTest:52 - ***** Finished TC001 *****
2025-12-03 20:50:24 INFO  Tc002_LoginTestCase:16 - ***starting Tc002_LoginTestCase **** 
2025-12-03 20:50:24 INFO  Tc002_LoginTestCase:21 - logging to application
2025-12-03 20:50:28 INFO  Tc002_LoginTestCase:33 - logged in sucussfullly
2025-12-03 20:50:28 INFO  Tc002_LoginTestCase:41 - *****Finished Tc002_LoginTestCase******* 
2025-12-03 20:50:30 INFO  TC01_EndtoEndTest:18 - Starting Testcase TC01_end to end test
2025-12-03 20:50:30 INFO  TC01_EndtoEndTest:21 - Logging to application
2025-12-03 20:50:41 ERROR TC01_EndtoEndTest:47 - Test failed: timeout: Timed out receiving message from renderer: 10.000
  (Session info: chrome=142.0.7444.176)
Build info: version: '4.35.0', revision: '1c58e5028b'
System info: os.name: 'Windows 10', os.arch: 'amd64', os.version: '10.0', java.version: '21.0.7'
Driver info: org.openqa.selenium.chrome.ChromeDriver
Command: [9cf6e4fbba4f3069a90d8bdb1a5c42f7, findElement {value=userEmail, using=id}]
Capabilities {acceptInsecureCerts: false, browserName: chrome, browserVersion: 142.0.7444.176, chrome: {chromedriverVersion: 142.0.7444.175 (302067f14a4..., userDataDir: C:\Users\ADMIN\AppData\Loca...}, fedcm:accounts: true, goog:chromeOptions: {debuggerAddress: localhost:59142}, goog:processID: 20112, networkConnectionEnabled: false, pageLoadStrategy: normal, platformName: windows, proxy: Proxy(), se:cdp: ws://localhost:59142/devtoo..., se:cdpVersion: 142.0.7444.176, setWindowRect: true, strictFileInteractability: false, timeouts: {implicit: 0, pageLoad: 300000, script: 30000}, unhandledPromptBehavior: dismiss and notify, webauthn:extension:credBlob: true, webauthn:extension:largeBlob: true, webauthn:extension:minPinLength: true, webauthn:extension:prf: true, webauthn:virtualAuthenticators: true}
Session ID: 9cf6e4fbba4f3069a90d8bdb1a5c42f7
2025-12-03 20:50:41 INFO  TC01_EndtoEndTest:52 - ***** Finished TC001 *****
